Build started 11/14/2015 5:42:02 PM.
     1>Project "C:\Users\Lucas Simas\Desktop\New folder\EditorTexto\EditorTexto\EditorTexto.vcxproj" on node 2 (Build target(s)).
     1>ClCompile:
         C:\Program Files (x86)\Microsoft Visual Studio 12.0\VC\bin\CL.exe /c /ZI /nologo /W3 /WX- /Od /Oy- /D WIN32 /D _DEBUG /D _CONSOLE /D _LIB /D _UNICODE /D UNICODE /Gm /EHsc /RTC1 /MDd /GS /fp:precise /Zc:wchar_t /Zc:forScope /Fo"Debug\\" /Fd"Debug\vc120.pdb" /Gd /TC /analyze- /errorReport:prompt KeyboardController.c Source.c
         Source.c
     1>c:\users\lucas simas\desktop\new folder\editortexto\editortexto\keyboardcontroller.h(22): warning C4005: 'DELETE' : macro redefinition
                 c:\program files (x86)\windows kits\8.1\include\um\winnt.h(9107) : see previous definition of 'DELETE'
     1>c:\users\lucas simas\desktop\new folder\editortexto\editortexto\source.c(81): warning C4047: 'function' : 'Linha *' differs in levels of indirection from 'Linha **'
     1>c:\users\lucas simas\desktop\new folder\editortexto\editortexto\source.c(81): warning C4024: 'ImprimirTexto' : different types for formal and actual parameter 1
     1>c:\users\lucas simas\desktop\new folder\editortexto\editortexto\source.c(77): warning C4101: 'keyboard' : unreferenced local variable
     1>c:\users\lucas simas\desktop\new folder\editortexto\editortexto\source.c(124): warning C4047: '!=' : 'int' differs in levels of indirection from 'void *'
     1>c:\users\lucas simas\desktop\new folder\editortexto\editortexto\source.c(125): warning C4047: 'function' : 'Linha *' differs in levels of indirection from 'Linha **'
     1>c:\users\lucas simas\desktop\new folder\editortexto\editortexto\source.c(125): warning C4024: 'EventCharKey' : different types for formal and actual parameter 4
     1>c:\users\lucas simas\desktop\new folder\editortexto\editortexto\source.c(255): warning C4047: 'function' : 'Caractere *' differs in levels of indirection from 'TCaractere **'
     1>c:\users\lucas simas\desktop\new folder\editortexto\editortexto\source.c(255): warning C4024: 'DeletarProximoCaractere' : different types for formal and actual parameter 3
     1>c:\users\lucas simas\desktop\new folder\editortexto\editortexto\source.c(258): warning C4028: formal parameter 4 different from declaration
     1>c:\users\lucas simas\desktop\new folder\editortexto\editortexto\source.c(264): warning C4028: formal parameter 1 different from declaration
     1>c:\users\lucas simas\desktop\new folder\editortexto\editortexto\source.c(296): warning C4101: 'aux' : unreferenced local variable
     1>c:\users\lucas simas\desktop\new folder\editortexto\editortexto\source.c(311): warning C4996: 'gets': This function or variable may be unsafe. Consider using gets_s instead. To disable deprecation, use _CRT_SECURE_NO_WARNINGS. See online help for details.
                 c:\program files (x86)\microsoft visual studio 12.0\vc\include\stdio.h(254) : see declaration of 'gets'
     1>c:\users\lucas simas\desktop\new folder\editortexto\editortexto\source.c(337): warning C4996: 'gets': This function or variable may be unsafe. Consider using gets_s instead. To disable deprecation, use _CRT_SECURE_NO_WARNINGS. See online help for details.
                 c:\program files (x86)\microsoft visual studio 12.0\vc\include\stdio.h(254) : see declaration of 'gets'
         KeyboardController.c
     1>c:\users\lucas simas\desktop\new folder\editortexto\editortexto\keyboardcontroller.c(7): warning C4996: 'getch': The POSIX name for this item is deprecated. Instead, use the ISO C++ conformant name: _getch. See online help for details.
                 c:\program files (x86)\microsoft visual studio 12.0\vc\include\conio.h(131) : see declaration of 'getch'
     1>c:\users\lucas simas\desktop\new folder\editortexto\editortexto\keyboardcontroller.c(13): warning C4996: 'getch': The POSIX name for this item is deprecated. Instead, use the ISO C++ conformant name: _getch. See online help for details.
                 c:\program files (x86)\microsoft visual studio 12.0\vc\include\conio.h(131) : see declaration of 'getch'
     1>c:\users\lucas simas\desktop\new folder\editortexto\editortexto\keyboardcontroller.c(32): warning C4047: '=' : 'int' differs in levels of indirection from 'void *'
         Generating Code...
       Link:
         C:\Program Files (x86)\Microsoft Visual Studio 12.0\VC\bin\link.exe /ERRORREPORT:PROMPT /OUT:"C:\Users\Lucas Simas\Desktop\New folder\EditorTexto\Debug\EditorTexto.exe" /INCREMENTAL /NOLOGO kernel32.lib user32.lib gdi32.lib winspool.lib comdlg32.lib advapi32.lib shell32.lib ole32.lib oleaut32.lib uuid.lib odbc32.lib odbccp32.lib /MANIFEST /MANIFESTUAC:"level='asInvoker' uiAccess='false'" /manifest:embed /DEBUG /PDB:"C:\Users\Lucas Simas\Desktop\New folder\EditorTexto\Debug\EditorTexto.pdb" /SUBSYSTEM:CONSOLE /TLBID:1 /DYNAMICBASE /NXCOMPAT /IMPLIB:"C:\Users\Lucas Simas\Desktop\New folder\EditorTexto\Debug\EditorTexto.lib" /MACHINE:X86 Debug\FileController.obj
         Debug\KeyboardController.obj
         Debug\Source.obj
         Debug\TAD.obj
         EditorTexto.vcxproj -> C:\Users\Lucas Simas\Desktop\New folder\EditorTexto\Debug\EditorTexto.exe
     1>Done Building Project "C:\Users\Lucas Simas\Desktop\New folder\EditorTexto\EditorTexto\EditorTexto.vcxproj" (Build target(s)).

Build succeeded.

Time Elapsed 00:00:00.43
